AndroidGuruApp/app/build/outputs/mapping/release/seeds.txt
com.smkalfarizi.guru.data.api.UserInfo
com.smkalfarizi.guru.data.api.SavePresensiRequest
com.smkalfarizi.guru.data.api.HonorRingkasan
com.smkalfarizi.guru.data.api.DashboardResponse
com.smkalfarizi.guru.data.api.CheckInResponse
com.smkalfarizi.guru.ui.profile.ProfileFragment
com.smkalfarizi.guru.data.api.DashboardData
com.smkalfarizi.guru.data.api.BaseResponse
com.smkalfarizi.guru.data.api.RingkasanHonor
com.smkalfarizi.guru.data.api.PresensiSiswaData
com.smkalfarizi.guru.ui.checkin.CheckInFragment
com.smkalfarizi.guru.data.api.SiswaPresensiItem
com.smkalfarizi.guru.data.api.GerbangHariIni
com.smkalfarizi.guru.data.api.SesiInfo
com.smkalfarizi.guru.ui.dashboard.DashboardFragment
com.smkalfarizi.guru.GuruApp
com.smkalfarizi.guru.data.api.PresensiItem
com.smkalfarizi.guru.data.api.HonorItem
com.smkalfarizi.guru.ui.MainActivity
com.smkalfarizi.guru.ui.honor.HonorFragment
com.smkalfarizi.guru.data.api.ApiService
com.smkalfarizi.guru.data.api.HonorData
com.smkalfarizi.guru.data.api.CheckOutRequest
com.smkalfarizi.guru.data.api.CheckOutResponse
com.smkalfarizi.guru.data.api.LoginRequest
com.smkalfarizi.guru.data.api.ProfileResponse
com.smkalfarizi.guru.ui.login.LoginActivity
com.smkalfarizi.guru.data.api.ConfigSchool
com.smkalfarizi.guru.ui.presensi.PresensiFragment
com.smkalfarizi.guru.data.api.HonorResponse
com.smkalfarizi.guru.data.api.PresensiSiswaResponse
com.smkalfarizi.guru.data.api.LoginResponse
com.smkalfarizi.guru.data.api.CheckInRequest
com.smkalfarizi.guru.data.api.JadwalItem
com.smkalfarizi.guru.data.api.CheckOutResponse: java.lang.String waktuCheckout
com.smkalfarizi.guru.data.api.DashboardData: java.lang.String hari
com.smkalfarizi.guru.data.api.CheckInResponse: java.lang.Double honorDidapat
com.smkalfarizi.guru.data.api.UserInfo: java.lang.String nikNip
com.smkalfarizi.guru.data.api.RingkasanHonor: double totalDenda
com.smkalfarizi.guru.data.api.UserInfo: java.lang.String tugasTambahan
com.smkalfarizi.guru.data.api.JadwalItem: java.lang.String namaKelas
com.smkalfarizi.guru.data.api.UserInfo: java.lang.String role
com.smkalfarizi.guru.data.api.HonorItem: double honorBersih
com.smkalfarizi.guru.data.api.HonorRingkasan: double totalHonorKbm
com.smkalfarizi.guru.data.api.SesiInfo: java.lang.String tanggal
com.smkalfarizi.guru.data.api.CheckInResponse: java.lang.Double distanceMeter
com.smkalfarizi.guru.data.api.DashboardResponse: boolean success
com.smkalfarizi.guru.data.api.SesiInfo: int id
com.smkalfarizi.guru.data.api.DashboardResponse: com.smkalfarizi.guru.data.api.DashboardData data
com.smkalfarizi.guru.data.api.PresensiSiswaData: int totalSiswa
com.smkalfarizi.guru.data.api.LoginResponse: java.lang.String tokenType
com.smkalfarizi.guru.data.api.PresensiSiswaResponse: java.lang.String message
com.smkalfarizi.guru.data.api.DashboardData: java.lang.String tanggal
com.smkalfarizi.guru.data.api.CheckInResponse: java.lang.String namaMapel
com.smkalfarizi.guru.data.api.CheckInResponse: java.lang.Integer menitTerlambat
com.smkalfarizi.guru.data.api.RingkasanHonor: int bulan
com.smkalfarizi.guru.data.api.DashboardData: com.smkalfarizi.guru.data.api.RingkasanHonor ringkasanHonor
com.smkalfarizi.guru.data.api.CheckInRequest: double longitude
com.smkalfarizi.guru.data.api.HonorItem: java.lang.String statusVerifikasi
com.smkalfarizi.guru.data.api.CheckInResponse: java.lang.String code
com.smkalfarizi.guru.data.api.SesiInfo: java.lang.String jamMulai
com.smkalfarizi.guru.data.api.HonorItem: java.lang.String jamMulai
com.smkalfarizi.guru.data.api.DashboardData: java.lang.String waktuServer
com.smkalfarizi.guru.data.api.LoginResponse: java.lang.String message
com.smkalfarizi.guru.data.api.SiswaPresensiItem: java.lang.String status
com.smkalfarizi.guru.data.api.LoginResponse: java.lang.Long expiresIn
com.smkalfarizi.guru.data.api.LoginRequest: java.lang.String password
com.smkalfarizi.guru.data.api.JadwalItem: java.lang.String tingkat
com.smkalfarizi.guru.data.api.CheckInRequest: double latitude
...
kotlinx.coroutines.CancelledContinuation: int _resumed$volatile
androidx.lifecycle.ReportFragment$LifecycleCallbacks: androidx.lifecycle.ReportFragment$LifecycleCallbacks$Companion Companion
kotlinx.coroutines.internal.LockFreeLinkedListNode: java.lang.Object _next$volatile
com.google.android.material.datepicker.DateValidatorPointForward: android.os.Parcelable$Creator CREATOR
com.google.crypto.tink.proto.AesGcmKeyFormat: int KEY_SIZE_FIELD_NUMBER
com.google.crypto.tink.proto.HmacParams: int HASH_FIELD_NUMBER
com.google.crypto.tink.proto.Keyset$Key: int STATUS_FIELD_NUMBER
com.google.crypto.tink.proto.AesCtrKeyFormat: int PARAMS_FIELD_NUMBER
com.google.crypto.tink.proto.AesGcmKey: int KEY_VALUE_FIELD_NUMBER
com.google.crypto.tink.proto.AesCtrHmacAeadKeyFormat: com.google.crypto.tink.proto.AesCtrKeyFormat aesCtrKeyFormat_
com.google.crypto.tink.proto.KmsAeadKeyFormat: com.google.crypto.tink.proto.KmsAeadKeyFormat DEFAULT_INSTANCE
com.google.crypto.tink.proto.XChaCha20Poly1305KeyFormat: com.google.crypto.tink.shaded.protobuf.Parser PARSER
com.google.crypto.tink.proto.AesCmacKey: int KEY_VALUE_FIELD_NUMBER
com.google.crypto.tink.proto.Keyset$Key: com.google.crypto.tink.proto.Keyset$Key DEFAULT_INSTANCE
com.google.crypto.tink.proto.XChaCha20Poly1305Key: com.google.crypto.tink.proto.XChaCha20Poly1305Key DEFAULT_INSTANCE
com.google.crypto.tink.proto.AesCmacKeyFormat: com.google.crypto.tink.shaded.protobuf.Parser PARSER
com.google.crypto.tink.proto.Keyset: int KEY_FIELD_NUMBER
com.google.android.gms.common.internal.zav: android.os.Parcelable$Creator CREATOR
com.google.crypto.tink.proto.AesCtrHmacAeadKey: int VERSION_FIELD_NUMBER
com.google.crypto.tink.proto.KeyTypeEntry: int PRIMITIVE_NAME_FIELD_NUMBER
com.google.crypto.tink.proto.AesCmacKey: int PARAMS_FIELD_NUMBER
com.google.crypto.tink.proto.XChaCha20Poly1305KeyFormat: com.google.crypto.tink.proto.XChaCha20Poly1305KeyFormat DEFAULT_INSTANCE
com.google.crypto.tink.proto.HmacKeyFormat: com.google.crypto.tink.proto.HmacParams params_
kotlinx.coroutines.DefaultExecutor: java.lang.Thread _thread
com.google.android.gms.common.internal.GetServiceRequest: android.os.Parcelable$Creator CREATOR
com.google.android.material.badge.BadgeState$State: android.os.Parcelable$Creator CREATOR
androidx.lifecycle.Lifecycle$Event: androidx.lifecycle.Lifecycle$Event ON_DESTROY
com.google.android.gms.signin.internal.zai: android.os.Parcelable$Creator CREATOR
com.google.crypto.tink.proto.EncryptedKeyset: int KEYSET_INFO_FIELD_NUMBER
com.google.crypto.tink.proto.XChaCha20Poly1305Key: int version_
kotlinx.coroutines.CompletedExceptionally: int _handled$volatile
com.google.crypto.tink.proto.AesEaxKeyFormat: int PARAMS_FIELD_NUMBER
androidx.lifecycle.Lifecycle$Event: androidx.lifecycle.Lifecycle$Event$Companion Companion
com.google.crypto.tink.shaded.protobuf.GeneratedMessageLite: int memoizedSerializedSize
com.google.crypto.tink.proto.KeyTemplate: java.lang.String typeUrl_
com.google.crypto.tink.proto.KeysetInfo$KeyInfo: int TYPE_URL_FIELD_NUMBER
com.google.crypto.tink.proto.ChaCha20Poly1305Key: int version_
com.google.crypto.tink.proto.HmacKeyFormat: int KEY_SIZE_FIELD_NUMBER
com.google.crypto.tink.proto.AesEaxKey: com.google.crypto.tink.shaded.protobuf.ByteString keyValue_
com.google.crypto.tink.proto.AesCtrHmacAeadKey: com.google.crypto.tink.proto.AesCtrKey aesCtrKey_
com.google.crypto.tink.shaded.protobuf.AbstractMessageLite: int memoizedHashCode
androidx.lifecycle.Lifecycle$Event: androidx.lifecycle.Lifecycle$Event ON_CREATE
com.google.android.material.timepicker.TimeModel: android.os.Parcelable$Creator CREATOR
com.google.crypto.tink.proto.ChaCha20Poly1305Key: int KEY_VALUE_FIELD_NUMBER
com.google.crypto.tink.proto.AesCtrKeyFormat: com.google.crypto.tink.shaded.protobuf.Parser PARSER
com.google.crypto.tink.proto.AesCtrKey: int VERSION_FIELD_NUMBER
com.google.crypto.tink.proto.AesEaxParams: int IV_SIZE_FIELD_NUMBER
com.google.crypto.tink.proto.AesCtrKey: int KEY_VALUE_FIELD_NUMBER