AndroidGuruApp/app/build/outputs/mapping/release/mapping.txt
# compiler: R8
# compiler_version: 8.13.19
# min_api: 26
# common_typos_disable
# {"id":"com.android.tools.r8.mapping","version":"2.2"}
# pg_map_id: bb18ec4e86ebabcfec08dd3345455c1ecfe9f1a4eca90feade8d6d8d21331314
# pg_map_hash: SHA-256 bb18ec4e86ebabcfec08dd3345455c1ecfe9f1a4eca90feade8d6d8d21331314
com.smkalfarizi.guru.GuruApp -> com.smkalfarizi.guru.GuruApp:
# {"id":"sourceFile","fileName":"GuruApp.kt"}
    1:4:void <init>():10:10 -> <init>
com.smkalfarizi.guru.data.api.ApiService -> r4.a:
# {"id":"sourceFile","fileName":"ApiService.kt"}
    java.lang.Object getProfile(java.lang.String,kotlin.coroutines.Continuation) -> a
      # {"id":"com.android.tools.r8.residualsignature","signature":"(Ljava/lang/String;Ld5/d;)Ljava/lang/Object;"}
    java.lang.Object checkIn(java.lang.String,com.smkalfarizi.guru.data.api.CheckInRequest,kotlin.coroutines.Continuation) -> b
      # {"id":"com.android.tools.r8.residualsignature","signature":"(Ljava/lang/String;Lr4/c;Ld5/d;)Ljava/lang/Object;"}
    java.lang.Object checkOut(java.lang.String,int,com.smkalfarizi.guru.data.api.CheckOutRequest,kotlin.coroutines.Continuation) -> c
      # {"id":"com.android.tools.r8.residualsignature","signature":"(Ljava/lang/String;ILr4/e;Ld5/d;)Ljava/lang/Object;"}
    java.lang.Object login(com.smkalfarizi.guru.data.api.LoginRequest,kotlin.coroutines.Continuation) -> d
      # {"id":"com.android.tools.r8.residualsignature","signature":"(Lr4/p;Ld5/d;)Ljava/lang/Object;"}
    java.lang.Object getPresensiSiswa(java.lang.String,int,kotlin.coroutines.Continuation) -> e
      # {"id":"com.android.tools.r8.residualsignature","signature":"(Ljava/lang/String;ILd5/d;)Ljava/lang/Object;"}
    java.lang.Object getHonor(java.lang.String,java.lang.Integer,java.lang.Integer,kotlin.coroutines.Continuation) -> f
      # {"id":"com.android.tools.r8.residualsignature","signature":"(Ljava/lang/String;Ljava/lang/Integer;Ljava/lang/Integer;Ld5/d;)Ljava/lang/Object;"}
com.smkalfarizi.guru.data.api.BaseResponse -> r4.b:
# {"id":"sourceFile","fileName":"ApiModels.kt"}
    boolean success -> a
    java.lang.String message -> b
    1:3:java.lang.String getMessage():46:46 -> a
    5:31:boolean equals(java.lang.Object):0:0 -> equals
    1:16:int hashCode():0:0 -> hashCode
    1:32:java.lang.String toString():0:0 -> toString
com.smkalfarizi.guru.data.api.CheckInRequest -> r4.c:
# {"id":"sourceFile","fileName":"ApiModels.kt"}
    int jadwalId -> a
    double latitude -> b
    double longitude -> c
    1:3:void <init>(int,double,double):16:16 -> <init>
    4:5:void <init>(int,double,double):17:17 -> <init>
    6:7:void <init>(int,double,double):18:18 -> <init>
    8:10:void <init>(int,double,double):19:19 -> <init>
    5:42:boolean equals(java.lang.Object):0:0 -> equals
    1:25:int hashCode():0:0 -> hashCode
    1:42:java.lang.String toString():0:0 -> toString
com.smkalfarizi.guru.data.api.CheckInResponse -> r4.d:
# {"id":"sourceFile","fileName":"ApiModels.kt"}
    boolean success -> a
    java.lang.String message -> b
    java.lang.Integer sesiId -> c
    java.lang.Integer menitTerlambat -> d
    java.lang.Double potonganDenda -> e
    java.lang.Double honorDidapat -> f
    java.lang.String statusTelat -> g
    java.lang.Double distanceMeter -> h
    java.lang.String namaMapel -> i
    java.lang.String namaKelas -> j
    java.lang.String code -> k
    1:3:java.lang.Double getDistanceMeter():206:206 -> a
    1:3:java.lang.String getMessage():200:200 -> b
    1:3:java.lang.Integer getSesiId():201:201 -> c
    1:3:boolean getSuccess():199:199 -> d
    5:130:boolean equals(java.lang.Object):0:0 -> equals
    12:15:int hashCode():0:0 -> hashCode
    12:15:int r4.CheckInResponse.hashCode():0 -> hashCode
      # {"id":"com.android.tools.r8.synthesized"}
      # {"id":"com.android.tools.r8.outlineCallsite","positions":{"1":124},"outline":"La/h;f(IILjava/lang/String;)I"}
    16:123:int hashCode():0:0 -> hashCode
    16:123:int r4.CheckInResponse.hashCode():0 -> hashCode
    124:124:int hashCode():0:0 -> hashCode
    112:116:java.lang.String toString():0:0 -> toString
    112:116:java.lang.String r4.CheckInResponse.toString():0 -> toString
      # {"id":"com.android.tools.r8.synthesized"}
...
com.google.crypto.tink.shaded.protobuf.AbstractParser -> R8$$REMOVED$$CLASS$$222:
# {"id":"sourceFile","fileName":"AbstractParser.java"}
com.google.crypto.tink.shaded.protobuf.AbstractProtobufList -> com.google.crypto.tink.shaded.protobuf.b:
# {"id":"sourceFile","fileName":"AbstractProtobufList.java"}
    boolean isMutable -> a
    1:4:void <init>():54:54 -> <init>
    5:7:void <init>():55:55 -> <init>
    1:3:boolean add(java.lang.Object):98:98 -> add
    4:8:boolean add(java.lang.Object):99:99 -> add
    1:2:boolean addAll(java.util.Collection):110:111 -> addAll
    3:4:boolean addAll(int,java.util.Collection):116:117 -> addAll
    1:3:void clear():122:122 -> clear
    4:7:void clear():123:123 -> clear
    5:10:boolean equals(java.lang.Object):63:63 -> equals
    11:14:boolean equals(java.lang.Object):69:69 -> equals
    15:19:boolean equals(java.lang.Object):70:70 -> equals
    20:21:boolean equals(java.lang.Object):73:73 -> equals
    22:25:boolean equals(java.lang.Object):74:74 -> equals
    26:35:boolean equals(java.lang.Object):75:75 -> equals
    36:54:boolean equals(java.lang.Object):79:79 -> equals
    1:5:void ensureIsMutable():176:176 -> f
    6:11:void ensureIsMutable():177:177 -> f
    1:10:int hashCode():88:88 -> hashCode
    11:23:int hashCode():91:91 -> hashCode
    java.lang.Object remove(int) -> remove
    1:2:boolean remove(java.lang.Object):144:145 -> remove
    3:3:boolean remove(java.lang.Object):149:149 -> remove
    1:3:boolean removeAll(java.util.Collection):155:155 -> removeAll
    4:8:boolean removeAll(java.util.Collection):156:156 -> removeAll
com.google.crypto.tink.shaded.protobuf.Android -> com.google.crypto.tink.shaded.protobuf.c:
# {"id":"sourceFile","fileName":"Android.java"}
    java.lang.Class MEMORY_CLASS -> a
    boolean IS_ROBOLECTRIC -> b
    1:3:void <clinit>():41:41 -> <clinit>
    4:9:java.lang.Class getClassForName(java.lang.String):59:59 -> <clinit>
    4:9:void <clinit>():41 -> <clinit>
    10:11:void <clinit>():41:41 -> <clinit>
    12:13:void <clinit>():43:43 -> <clinit>
    14:22:java.lang.Class getClassForName(java.lang.String):59:59 -> <clinit>
    14:22:void <clinit>():44 -> <clinit>
    23:25:void <clinit>():44:44 -> <clinit>
    1:12:boolean isOnAndroidDevice():48:48 -> a
com.google.crypto.tink.shaded.protobuf.ArrayDecoders$Registers -> com.google.crypto.tink.shaded.protobuf.d:
# {"id":"sourceFile","fileName":"ArrayDecoders.java"}
    int int1 -> a
    long long1 -> b
    java.lang.Object object1 -> c
com.google.crypto.tink.shaded.protobuf.BooleanArrayList -> com.google.crypto.tink.shaded.protobuf.e:
# {"id":"sourceFile","fileName":"BooleanArrayList.java"}
    void addBoolean(boolean) -> g