AndroidGuruApp/app/build/outputs/mapping/release/usage.txt
com.smkalfarizi.guru.BuildConfig
com.smkalfarizi.guru.GuruApp$Companion:
    public final android.content.Context getContext()
com.smkalfarizi.guru.GuruApp:
    public static final synthetic com.smkalfarizi.guru.GuruApp access$getInstance$cp()
com.smkalfarizi.guru.R$color
com.smkalfarizi.guru.R$drawable
com.smkalfarizi.guru.R$id:
    public static int nav_checkin
    public static int nav_graph
    public static int nav_presensi
    public static int swipeRefresh
    private void <init>()
com.smkalfarizi.guru.R$layout:
    private void <init>()
com.smkalfarizi.guru.R$menu
com.smkalfarizi.guru.R$navigation
com.smkalfarizi.guru.R$string
com.smkalfarizi.guru.R$style
com.smkalfarizi.guru.R$xml
com.smkalfarizi.guru.R
com.smkalfarizi.guru.data.api.ApiService$DefaultImpls
com.smkalfarizi.guru.data.api.ApiService:
    public abstract java.lang.Object getJadwal(java.lang.String,java.lang.String,kotlin.coroutines.Continuation)
    public abstract java.lang.Object getMe(java.lang.String,kotlin.coroutines.Continuation)
    public abstract java.lang.Object logout(java.lang.String,kotlin.coroutines.Continuation)
com.smkalfarizi.guru.data.api.BaseResponse:
    public void <init>(boolean,java.lang.String)
    public final boolean component1()
    public final java.lang.String component2()
    public final com.smkalfarizi.guru.data.api.BaseResponse copy(boolean,java.lang.String)
    public static synthetic com.smkalfarizi.guru.data.api.BaseResponse copy$default(com.smkalfarizi.guru.data.api.BaseResponse,boolean,java.lang.String,int,java.lang.Object)
    public final boolean getSuccess()
com.smkalfarizi.guru.data.api.CheckInRequest:
    public final int component1()
    public final double component2()
    public final double component3()
    public final com.smkalfarizi.guru.data.api.CheckInRequest copy(int,double,double)
    public static synthetic com.smkalfarizi.guru.data.api.CheckInRequest copy$default(com.smkalfarizi.guru.data.api.CheckInRequest,int,double,double,int,java.lang.Object)
    public final int getJadwalId()
    public final double getLatitude()
    public final double getLongitude()
com.smkalfarizi.guru.data.api.CheckInResponse:
    public void <init>(boolean,java.lang.String,java.lang.Integer,java.lang.Integer,java.lang.Double,java.lang.Double,java.lang.String,java.lang.Double,java.lang.String,java.lang.String,java.lang.String)
    public final boolean component1()
    public final java.lang.String component10()
    public final java.lang.String component11()
    public final java.lang.String component2()
    public final java.lang.Integer component3()
    public final java.lang.Integer component4()
    public final java.lang.Double component5()
    public final java.lang.Double component6()
    public final java.lang.String component7()
    public final java.lang.Double component8()
    public final java.lang.String component9()
    public final com.smkalfarizi.guru.data.api.CheckInResponse copy(boolean,java.lang.String,java.lang.Integer,java.lang.Integer,java.lang.Double,java.lang.Double,java.lang.String,java.lang.Double,java.lang.String,java.lang.String,java.lang.String)
    public static synthetic com.smkalfarizi.guru.data.api.CheckInResponse copy$default(com.smkalfarizi.guru.data.api.CheckInResponse,boolean,java.lang.String,java.lang.Integer,java.lang.Integer,java.lang.Double,java.lang.Double,java.lang.String,java.lang.Double,java.lang.String,java.lang.String,java.lang.String,int,java.lang.Object)
    public final java.lang.String getCode()
    public final java.lang.Double getHonorDidapat()
    public final java.lang.Integer getMenitTerlambat()
...
com.google.crypto.tink.signature.RsaSsaPkcs1SignKeyManager$1
com.google.crypto.tink.signature.RsaSsaPkcs1SignKeyManager$2
com.google.crypto.tink.signature.RsaSsaPkcs1SignKeyManager
com.google.crypto.tink.signature.RsaSsaPkcs1VerifyKeyManager$1
com.google.crypto.tink.signature.RsaSsaPkcs1VerifyKeyManager
com.google.crypto.tink.signature.RsaSsaPssSignKeyManager$1
com.google.crypto.tink.signature.RsaSsaPssSignKeyManager$2
com.google.crypto.tink.signature.RsaSsaPssSignKeyManager
com.google.crypto.tink.signature.RsaSsaPssVerifyKeyManager$1
com.google.crypto.tink.signature.RsaSsaPssVerifyKeyManager
com.google.crypto.tink.signature.SignatureConfig
com.google.crypto.tink.signature.SignatureKeyTemplates
com.google.crypto.tink.signature.SignatureParameters
com.google.crypto.tink.signature.SignaturePemKeysetReader$1
com.google.crypto.tink.signature.SignaturePemKeysetReader$Builder
com.google.crypto.tink.signature.SignaturePemKeysetReader$PemKey
com.google.crypto.tink.signature.SignaturePemKeysetReader
com.google.crypto.tink.signature.SignaturePrivateKey
com.google.crypto.tink.signature.SignaturePublicKey
com.google.crypto.tink.signature.internal.SigUtil$1
com.google.crypto.tink.signature.internal.SigUtil
com.google.crypto.tink.streamingaead.AesCtrHmacStreamingKeyManager$1
com.google.crypto.tink.streamingaead.AesCtrHmacStreamingKeyManager$2
com.google.crypto.tink.streamingaead.AesCtrHmacStreamingKeyManager$3
com.google.crypto.tink.streamingaead.AesCtrHmacStreamingKeyManager
com.google.crypto.tink.streamingaead.AesGcmHkdfStreamingKeyManager$1
com.google.crypto.tink.streamingaead.AesGcmHkdfStreamingKeyManager$2
com.google.crypto.tink.streamingaead.AesGcmHkdfStreamingKeyManager
com.google.crypto.tink.streamingaead.InputStreamDecrypter
com.google.crypto.tink.streamingaead.ReadableByteChannelDecrypter
com.google.crypto.tink.streamingaead.SeekableByteChannelDecrypter
com.google.crypto.tink.streamingaead.StreamingAeadConfig
com.google.crypto.tink.streamingaead.StreamingAeadFactory
com.google.crypto.tink.streamingaead.StreamingAeadHelper
com.google.crypto.tink.streamingaead.StreamingAeadKeyTemplates
com.google.crypto.tink.streamingaead.StreamingAeadUtil$1
com.google.crypto.tink.streamingaead.StreamingAeadUtil
com.google.crypto.tink.streamingaead.StreamingAeadWrapper
com.google.crypto.tink.subtle.AesCtrHmacStreaming$AesCtrHmacStreamDecrypter
com.google.crypto.tink.subtle.AesCtrHmacStreaming$AesCtrHmacStreamEncrypter
com.google.crypto.tink.subtle.AesCtrHmacStreaming
com.google.crypto.tink.subtle.AesCtrJceCipher:
    private static final java.lang.String CIPHER_ALGORITHM
    private static final java.lang.String KEY_ALGORITHM
    private static final int MIN_IV_SIZE_IN_BYTES
com.google.crypto.tink.subtle.AesEaxJce:
    static final int BLOCK_SIZE_IN_BYTES
    static final int TAG_SIZE_IN_BYTES
com.google.crypto.tink.subtle.AesGcmHkdfStreaming$AesGcmHkdfStreamDecrypter
com.google.crypto.tink.subtle.AesGcmHkdfStreaming$AesGcmHkdfStreamEncrypter
com.google.crypto.tink.subtle.AesGcmHkdfStreaming
com.google.crypto.tink.subtle.Base64$Coder:
    public abstract int maxOutputSize(int)
    public abstract boolean process(byte[],int,int,boolean)
com.google.crypto.tink.subtle.Base64$Decoder:
    private static final int EQUALS
    private static final int SKIP
    public int maxOutputSize(int)
com.google.crypto.tink.subtle.Base64$Encoder:
    public static final int LINE_GROUPS
    public int maxOutputSize(int)
com.google.crypto.tink.subtle.Base64:
    public static final int CRLF
    public static final int DEFAULT
    public static final int NO_CLOSE
    public static final int NO_PADDING
    public static final int NO_WRAP
    public static final int URL_SAFE
    private void <init>()
    public static byte[] decode(java.lang.String)
    public static java.lang.String encodeToString(byte[],int,int,int)
    public static byte[] urlSafeDecode(java.lang.String)
    public static java.lang.String urlSafeEncode(byte[])